0 info it worked if it ends with ok
1 verbose cli [ '/bin/node', '/bin/npm', 'install', 'capivara', '--save' ]
2 info using npm@3.10.8
3 info using node@v7.0.0
4 silly loadCurrentTree Starting
5 silly install loadCurrentTree
6 silly install readLocalPackageData
7 silly fetchPackageMetaData capivara
8 silly fetchNamedPackageData capivara
9 silly mapToRegistry name capivara
10 silly mapToRegistry using default registry
11 silly mapToRegistry registry https://registry.npmjs.org/
12 silly mapToRegistry data Result {
12 silly mapToRegistry   raw: 'capivara',
12 silly mapToRegistry   scope: null,
12 silly mapToRegistry   escapedName: 'capivara',
12 silly mapToRegistry   name: 'capivara',
12 silly mapToRegistry   rawSpec: '',
12 silly mapToRegistry   spec: 'latest',
12 silly mapToRegistry   type: 'tag' }
13 silly mapToRegistry uri https://registry.npmjs.org/capivara
14 verbose request uri https://registry.npmjs.org/capivara
15 verbose request no auth needed
16 info attempt registry request try #1 at 2:34:46 PM
17 verbose request using bearer token for auth
18 verbose request id 12a763cdae0369d7
19 verbose etag W/"58b16a75-ffa"
20 verbose lastModified Sat, 25 Feb 2017 11:28:53 GMT
21 http request GET https://registry.npmjs.org/capivara
22 http 304 https://registry.npmjs.org/capivara
23 verbose headers { server: 'nginx/1.10.1',
23 verbose headers   'last-modified': 'Sat, 25 Feb 2017 11:28:53 GMT',
23 verbose headers   etag: '"58b16a75-ffa"',
23 verbose headers   'cache-control': 'max-age=300',
23 verbose headers   'accept-ranges': 'bytes',
23 verbose headers   date: 'Sun, 05 Mar 2017 17:34:47 GMT',
23 verbose headers   via: '1.1 varnish',
23 verbose headers   connection: 'keep-alive',
23 verbose headers   'x-served-by': 'cache-gru7121-GRU',
23 verbose headers   'x-cache': 'MISS',
23 verbose headers   'x-cache-hits': '0',
23 verbose headers   'x-timer': 'S1488735287.413433,VS0,VE182',
23 verbose headers   vary: 'Accept-Encoding' }
24 silly get cb [ 304,
24 silly get   { server: 'nginx/1.10.1',
24 silly get     'last-modified': 'Sat, 25 Feb 2017 11:28:53 GMT',
24 silly get     etag: '"58b16a75-ffa"',
24 silly get     'cache-control': 'max-age=300',
24 silly get     'accept-ranges': 'bytes',
24 silly get     date: 'Sun, 05 Mar 2017 17:34:47 GMT',
24 silly get     via: '1.1 varnish',
24 silly get     connection: 'keep-alive',
24 silly get     'x-served-by': 'cache-gru7121-GRU',
24 silly get     'x-cache': 'MISS',
24 silly get     'x-cache-hits': '0',
24 silly get     'x-timer': 'S1488735287.413433,VS0,VE182',
24 silly get     vary: 'Accept-Encoding' } ]
25 verbose etag https://registry.npmjs.org/capivara from cache
26 verbose get saving capivara to /home/schinaider/.npm/registry.npmjs.org/capivara/.cache.json
27 verbose correctMkdir /home/schinaider/.npm correctMkdir not in flight; initializing
28 silly install normalizeTree
29 silly loadCurrentTree Finishing
30 silly loadIdealTree Starting
31 silly install loadIdealTree
32 silly cloneCurrentTree Starting
33 silly install cloneCurrentTreeToIdealTree
34 silly cloneCurrentTree Finishing
35 silly loadShrinkwrap Starting
36 silly install loadShrinkwrap
37 silly loadShrinkwrap Finishing
38 silly loadAllDepsIntoIdealTree Starting
39 silly install loadAllDepsIntoIdealTree
40 silly rollbackFailedOptional Starting
41 silly rollbackFailedOptional Finishing
42 silly runTopLevelLifecycles Finishing
43 silly install printInstalled
44 verbose stack Error: Refusing to install capivara as a dependency of itself
44 verbose stack     at checkSelf (/lib/node_modules/npm/lib/install/validate-args.js:53:14)
44 verbose stack     at Array.<anonymous> (/lib/node_modules/npm/node_modules/slide/lib/bind-actor.js:15:8)
44 verbose stack     at LOOP (/lib/node_modules/npm/node_modules/slide/lib/chain.js:15:14)
44 verbose stack     at chain (/lib/node_modules/npm/node_modules/slide/lib/chain.js:20:5)
44 verbose stack     at /lib/node_modules/npm/lib/install/validate-args.js:16:5
44 verbose stack     at /lib/node_modules/npm/node_modules/slide/lib/async-map.js:52:35
44 verbose stack     at Array.forEach (native)
44 verbose stack     at /lib/node_modules/npm/node_modules/slide/lib/async-map.js:52:11
44 verbose stack     at Array.forEach (native)
44 verbose stack     at asyncMap (/lib/node_modules/npm/node_modules/slide/lib/async-map.js:51:8)
45 verbose cwd /home/schinaider/Documentos/typress
46 error Linux 4.4.0-64-generic
47 error argv "/bin/node" "/bin/npm" "install" "capivara" "--save"
48 error node v7.0.0
49 error npm  v3.10.8
50 error code ENOSELF
51 error Refusing to install capivara as a dependency of itself
52 error If you need help, you may report this error at:
52 error     <https://github.com/npm/npm/issues>
53 verbose exit [ 1, true ]
